<?xml version="1.0" encoding="UTF-8"?>
<!-- Generated by org.testng.reporters.JUnitReportReporter -->
<testsuite skipped="0" hostname="DESKTOP-MRBPH00" name="org.example.testRunner.runners" tests="1" failures="0" timestamp="2023-01-04T14:28:07 EET" time="22.682" errors="0">
  <testcase name="runScenario" time="22.682" classname="org.example.testRunner.runners"/>
  <system-out/>
</testsuite> <!-- org.example.testRunner.runners -->
